0 info it worked if it ends with ok
1 verbose cli [ '/usr/bin/nodejs', '/usr/bin/npm', 'run', 'lint' ]
2 info using npm@3.5.2
3 info using node@v4.2.6
4 verbose run-script [ 'prelint', 'lint', 'postlint' ]
5 info lifecycle exercism-javascript@0.0.0~prelint: exercism-javascript@0.0.0
6 silly lifecycle exercism-javascript@0.0.0~prelint: no script for prelint, continuing
7 info lifecycle exercism-javascript@0.0.0~lint: exercism-javascript@0.0.0
8 verbose lifecycle exercism-javascript@0.0.0~lint: unsafe-perm in lifecycle true
9 verbose lifecycle exercism-javascript@0.0.0~lint: PATH: /usr/share/npm/bin/node-gyp-bin:/mnt/c/Users/jackman/src/exercism.io/javascript/roman-numerals/node_modules/.bin:/usr/share/rvm/gems/ruby-2.4.1/bin:/usr/share/rvm/gems/ruby-2.4.1@global/bin:/usr/share/rvm/rubies/ruby-2.4.1/bin:/usr/share/rvm/bin:/home/glennj/go/bin:/home/glennj/tools/oracle_instant_client/instantclient_11_2:/usr/sbin:/home/glennj/bin:/home/glennj/perl5/bin:/usr/local/sbin:/usr/local/bin:/usr/bin:/sbin:/bin:/usr/games:/usr/local/games:/mnt/c/Users/jackman/Tools/Cmder/vendor/conemu-maximus5/ConEmu/wsl:/mnt/c/Users/jackman/Tools/Cmder/vendor/conemu-maximus5/ConEmu/Scripts:/mnt/c/Users/jackman/Tools/Cmder/vendor/conemu-maximus5:/mnt/c/Users/jackman/Tools/Cmder/vendor/conemu-maximus5/ConEmu:/mnt/c/Program Files x86/Intel/iCLS Client:/mnt/c/Program Files (x86)/Common Files/Oracle/Java/javapath_target_461046:/mnt/c/oraclexe/app/oracle/product/11.2.0/server/bin:/mnt/c/ProgramData/Oracle/Java/javapath_target_21733218:/mnt/c/Program Files/Intel/iCLS Client:/mnt/c/Windows/System32:/mnt/c/Windows:/mnt/c/Windows/System32/wbem:/mnt/c/Windows/System32/WindowsPowerShell/v1.0:/mnt/c/Program Files (x86)/NVIDIA Corporation/PhysX/Common:/mnt/c/Program Files (x86)/Bitvise SSH Client:/mnt/c/Go/bin:/mnt/c/Program Files/Git/cmd:/mnt/c/Program Files/Mercurial:/mnt/c/Program Files/PuTTY:/mnt/c/Program Files/SlikSvn/bin:/mnt/c/Program Files/nodejs:/mnt/c/ProgramData/chocolatey/bin:/mnt/c/Program Files/MySQL/MySQL Utilities 1.6:/mnt/c/Program Files (x86)/Intel/Intel(R) Management Engine Components/DAL:/mnt/c/Program Files/Intel/Intel(R) Management Engine Components/DAL:/mnt/c/Program Files (x86)/Intel/Intel(R) Management Engine Components/IPT:/mnt/c/Program Files/Intel/Intel(R) Management Engine Components/IPT:/mnt/c/Program Files/TortoiseSVN/bin:/mnt/c/Program Files/Microsoft VS Code/bin:/mnt/c/Tcl/bin:/mnt/c/Users/jackman/AppData/Local/Microsoft/WindowsApps:/mnt/c/Users/jackman/Tools:/mnt/c/Users/jackman/Tools/OracleInstantClient:/mnt/c/Users/jackman/AppData/Local/Programs/Python/Python36:/mnt/c/Program Files (x86)/Java/jdk1.8.0_161/bin:/mnt/c/Users/jackman/Tools/spring-1.5.10.RELEASE/bin:/snap/bin:/opt/tcltk8.6/bin:/opt/links/bin:/home/glennj/.rvm/bin:/home/glennj/.rvm/bin:/home/glennj/.sdkman/candidates/springboot/current/bin:/home/glennj/.sdkman/candidates/gradle/current/bin
10 verbose lifecycle exercism-javascript@0.0.0~lint: CWD: /mnt/c/Users/jackman/src/exercism.io/javascript/roman-numerals
11 silly lifecycle exercism-javascript@0.0.0~lint: Args: [ '-c', 'eslint .' ]
12 silly lifecycle exercism-javascript@0.0.0~lint: Returned: code: 1  signal: null
13 info lifecycle exercism-javascript@0.0.0~lint: Failed to exec lint script
14 verbose stack Error: exercism-javascript@0.0.0 lint: `eslint .`
14 verbose stack Exit status 1
14 verbose stack     at EventEmitter.<anonymous> (/usr/share/npm/lib/utils/lifecycle.js:232:16)
14 verbose stack     at emitTwo (events.js:87:13)
14 verbose stack     at EventEmitter.emit (events.js:172:7)
14 verbose stack     at ChildProcess.<anonymous> (/usr/share/npm/lib/utils/spawn.js:24:14)
14 verbose stack     at emitTwo (events.js:87:13)
14 verbose stack     at ChildProcess.emit (events.js:172:7)
14 verbose stack     at maybeClose (internal/child_process.js:821:16)
14 verbose stack     at Process.ChildProcess._handle.onexit (internal/child_process.js:211:5)
15 verbose pkgid exercism-javascript@0.0.0
16 verbose cwd /mnt/c/Users/jackman/src/exercism.io/javascript/roman-numerals
17 error Linux 4.4.0-43-Microsoft
18 error argv "/usr/bin/nodejs" "/usr/bin/npm" "run" "lint"
19 error node v4.2.6
20 error npm  v3.5.2
21 error code ELIFECYCLE
22 error exercism-javascript@0.0.0 lint: `eslint .`
22 error Exit status 1
23 error Failed at the exercism-javascript@0.0.0 lint script 'eslint .'.
23 error Make sure you have the latest version of node.js and npm installed.
23 error If you do, this is most likely a problem with the exercism-javascript package,
23 error not with npm itself.
23 error Tell the author that this fails on your system:
23 error     eslint .
23 error You can get information on how to open an issue for this project with:
23 error     npm bugs exercism-javascript
23 error Or if that isn't available, you can get their info via:
23 error     npm owner ls exercism-javascript
23 error There is likely additional logging output above.
24 verbose exit [ 1, true ]
